# JRE version: Java(TM) SE Runtime Environment (8.0_60-b27) (build 1.8.0_60-b27)
# Java VM: Java HotSpot(TM) 64-Bit Server VM (25.60-b23 mixed mode windows-amd64 compressed oops)
Heap:
 PSYoungGen      total 1352704K, used 218297K [0x000000076b380000, 0x00000007c0000000, 0x00000007c0000000)
  eden space 1317888K, 15% used [0x000000076b380000,0x0000000778077fa0,0x00000007bba80000)
  from space 34816K, 24% used [0x00000007bdb80000,0x00000007be3b6628,0x00000007bfd80000)
  to   space 33792K, 0% used [0x00000007bba80000,0x00000007bba80000,0x00000007bdb80000)
 ParOldGen       total 314368K, used 74659K [0x00000006c1a00000, 0x00000006d4d00000, 0x000000076b380000)
  object space 314368K, 23% used [0x00000006c1a00000,0x00000006c62e8e30,0x00000006d4d00000)
 Metaspace       used 77151K, capacity 114677K, committed 114856K, reserved 1128448K
  class space    used 22106K, capacity 34935K, committed 34984K, reserved 1048576K
GC Heap History (10 events):
Event: 16.512 GC heap before
{Heap before GC invocations=18 (full 3):
 PSYoungGen      total 1183744K, used 475850K [0x000000076b380000, 0x00000007b6780000, 0x00000007c0000000)
  eden space 1159168K, 39% used [0x000000076b380000,0x0000000786da58e8,0x00000007b1f80000)
  from space 24576K, 93% used [0x00000007b4f80000,0x00000007b660d290,0x00000007b6780000)
  to   space 36864K, 0% used [0x00000007b1f80000,0x00000007b1f80000,0x00000007b4380000)
 ParOldGen       total 239616K, used 58768K [0x00000006c1a00000, 0x00000006d0400000, 0x000000076b380000)
  object space 239616K, 24% used [0x00000006c1a00000,0x00000006c5364120,0x00000006d0400000)
 Metaspace       used 67076K, capacity 98433K, committed 98600K, reserved 1118208K
  class space    used 19230K, capacity 29991K, committed 29992K, reserved 1048576K
Event: 16.527 GC heap after
Heap after GC invocations=18 (full 3):
 PSYoungGen      total 1196032K, used 19432K [0x000000076b380000, 0x00000007c0000000, 0x00000007c0000000)
  eden space 1159168K, 0% used [0x000000076b380000,0x000000076b380000,0x00000007b1f80000)
  from space 36864K, 52% used [0x00000007b1f80000,0x00000007b327a010,0x00000007b4380000)
  to   space 36352K, 0% used [0x00000007bdc80000,0x00000007bdc80000,0x00000007c0000000)
 ParOldGen       total 239616K, used 58784K [0x00000006c1a00000, 0x00000006d0400000, 0x000000076b380000)
  object space 239616K, 24% used [0x00000006c1a00000,0x00000006c5368120,0x00000006d0400000)
 Metaspace       used 67076K, capacity 98433K, committed 98600K, reserved 1118208K
  class space    used 19230K, capacity 29991K, committed 29992K, reserved 1048576K
}
Event: 16.527 GC heap before
{Heap before GC invocations=19 (full 4):
 PSYoungGen      total 1196032K, used 19432K [0x000000076b380000, 0x00000007c0000000, 0x00000007c0000000)
  eden space 1159168K, 0% used [0x000000076b380000,0x000000076b380000,0x00000007b1f80000)
  from space 36864K, 52% used [0x00000007b1f80000,0x00000007b327a010,0x00000007b4380000)
  to   space 36352K, 0% used [0x00000007bdc80000,0x00000007bdc80000,0x00000007c0000000)
 ParOldGen       total 239616K, used 58784K [0x00000006c1a00000, 0x00000006d0400000, 0x000000076b380000)
  object space 239616K, 24% used [0x00000006c1a00000,0x00000006c5368120,0x00000006d0400000)
 Metaspace       used 67076K, capacity 98433K, committed 98600K, reserved 1118208K
  class space    used 19230K, capacity 29991K, committed 29992K, reserved 1048576K
Event: 16.658 GC heap after
Heap after GC invocations=19 (full 4):
 PSYoungGen      total 1196032K, used 0K [0x000000076b380000, 0x00000007c0000000, 0x00000007c0000000)
  eden space 1159168K, 0% used [0x000000076b380000,0x000000076b380000,0x00000007b1f80000)
  from space 36864K, 0% used [0x00000007b1f80000,0x00000007b1f80000,0x00000007b4380000)
  to   space 36352K, 0% used [0x00000007bdc80000,0x00000007bdc80000,0x00000007c0000000)
 ParOldGen       total 314368K, used 74635K [0x00000006c1a00000, 0x00000006d4d00000, 0x000000076b380000)
  object space 314368K, 23% used [0x00000006c1a00000,0x00000006c62e2e30,0x00000006d4d00000)
 Metaspace       used 67076K, capacity 98433K, committed 98600K, reserved 1118208K
  class space    used 19230K, capacity 29991K, committed 29992K, reserved 1048576K
}
Event: 93.185 GC heap before
{Heap before GC invocations=20 (full 4):
 PSYoungGen      total 1196032K, used 1159168K [0x000000076b380000, 0x00000007c0000000, 0x00000007c0000000)
  eden space 1159168K, 100% used [0x000000076b380000,0x00000007b1f80000,0x00000007b1f80000)
  from space 36864K, 0% used [0x00000007b1f80000,0x00000007b1f80000,0x00000007b4380000)
  to   space 36352K, 0% used [0x00000007bdc80000,0x00000007bdc80000,0x00000007c0000000)
 ParOldGen       total 314368K, used 74635K [0x00000006c1a00000, 0x00000006d4d00000, 0x000000076b380000)
  object space 314368K, 23% used [0x00000006c1a00000,0x00000006c62e2e30,0x00000006d4d00000)
 Metaspace       used 74465K, capacity 110635K, committed 110888K, reserved 1126400K
  class space    used 21540K, capacity 34040K, committed 34088K, reserved 1048576K
Event: 93.191 GC heap after
Heap after GC invocations=20 (full 4):
 PSYoungGen      total 1351680K, used 5200K [0x000000076b380000, 0x00000007bff80000, 0x00000007c0000000)
  eden space 1315840K, 0% used [0x000000076b380000,0x000000076b380000,0x00000007bb880000)
  from space 35840K, 14% used [0x00000007bdc80000,0x00000007be194030,0x00000007bff80000)
  to   space 36352K, 0% used [0x00000007bb880000,0x00000007bb880000,0x00000007bdc00000)
 ParOldGen       total 314368K, used 74643K [0x00000006c1a00000, 0x00000006d4d00000, 0x000000076b380000)
  object space 314368K, 23% used [0x00000006c1a00000,0x00000006c62e4e30,0x00000006d4d00000)
 Metaspace       used 74465K, capacity 110635K, committed 110888K, reserved 1126400K
  class space    used 21540K, capacity 34040K, committed 34088K, reserved 1048576K
}
Event: 680.607 GC heap before
{Heap before GC invocations=21 (full 4):
 PSYoungGen      total 1351680K, used 1321040K [0x000000076b380000, 0x00000007bff80000, 0x00000007c0000000)
  eden space 1315840K, 100% used [0x000000076b380000,0x00000007bb880000,0x00000007bb880000)
  from space 35840K, 14% used [0x00000007bdc80000,0x00000007be194030,0x00000007bff80000)
  to   space 36352K, 0% used [0x00000007bb880000,0x00000007bb880000,0x00000007bdc00000)
 ParOldGen       total 314368K, used 74643K [0x00000006c1a00000, 0x00000006d4d00000, 0x000000076b380000)
  object space 314368K, 23% used [0x00000006c1a00000,0x00000006c62e4e30,0x00000006d4d00000)
 Metaspace       used 75523K, capacity 112213K, committed 112552K, reserved 1128448K
  class space    used 21752K, capacity 34376K, committed 34472K, reserved 1048576K
Event: 680.617 GC heap after
Heap after GC invocations=21 (full 4):
 PSYoungGen      total 1325056K, used 8875K [0x000000076b380000, 0x00000007bfd80000, 0x00000007c0000000)
  eden space 1315840K, 0% used [0x000000076b380000,0x000000076b380000,0x00000007bb880000)
  from space 9216K, 96% used [0x00000007bb880000,0x00000007bc12ae80,0x00000007bc180000)
  to   space 34816K, 0% used [0x00000007bdb80000,0x00000007bdb80000,0x00000007bfd80000)
 ParOldGen       total 314368K, used 74651K [0x00000006c1a00000, 0x00000006d4d00000, 0x000000076b380000)
  object space 314368K, 23% used [0x00000006c1a00000,0x00000006c62e6e30,0x00000006d4d00000)
 Metaspace       used 75523K, capacity 112213K, committed 112552K, reserved 1128448K
  class space    used 21752K, capacity 34376K, committed 34472K, reserved 1048576K
}
Event: 1290.117 GC heap before
{Heap before GC invocations=22 (full 4):
 PSYoungGen      total 1325056K, used 1324715K [0x000000076b380000, 0x00000007bfd80000, 0x00000007c0000000)
  eden space 1315840K, 100% used [0x000000076b380000,0x00000007bb880000,0x00000007bb880000)
  from space 9216K, 96% used [0x00000007bb880000,0x00000007bc12ae80,0x00000007bc180000)
  to   space 34816K, 0% used [0x00000007bdb80000,0x00000007bdb80000,0x00000007bfd80000)
 ParOldGen       total 314368K, used 74651K [0x00000006c1a00000, 0x00000006d4d00000, 0x000000076b380000)
  object space 314368K, 23% used [0x00000006c1a00000,0x00000006c62e6e30,0x00000006d4d00000)
 Metaspace       used 76688K, capacity 113975K, committed 114216K, reserved 1128448K
  class space    used 22001K, capacity 34769K, committed 34856K, reserved 1048576K
Event: 1290.125 GC heap after
Heap after GC invocations=22 (full 4):
 PSYoungGen      total 1352704K, used 8409K [0x000000076b380000, 0x00000007c0000000, 0x00000007c0000000)
  eden space 1317888K, 0% used [0x000000076b380000,0x000000076b380000,0x00000007bba80000)
  from space 34816K, 24% used [0x00000007bdb80000,0x00000007be3b6628,0x00000007bfd80000)
  to   space 33792K, 0% used [0x00000007bba80000,0x00000007bba80000,0x00000007bdb80000)
 ParOldGen       total 314368K, used 74659K [0x00000006c1a00000, 0x00000006d4d00000, 0x000000076b380000)
  object space 314368K, 23% used [0x00000006c1a00000,0x00000006c62e8e30,0x00000006d4d00000)
 Metaspace       used 76688K, capacity 113975K, committed 114216K, reserved 1128448K
  class space    used 22001K, capacity 34769K, committed 34856K, reserved 1048576K
}

